<?xml version="1.0" encoding="UTF-8"?>
<testsuite name="com.pluralsight.security.TestHashRunAndDigestMethod" tests="4" skipped="0" failures="0" errors="0" timestamp="2016-11-16T15:15:10" hostname="EN62481" time="0.03">
  <properties/>
  <testcase name="testDigestArrayGreaterThanBaseSize" classname="com.pluralsight.security.TestHashRunAndDigestMethod" time="0.019"/>
  <testcase name="testDigestArrayEqualsBaseSize" classname="com.pluralsight.security.TestHashRunAndDigestMethod" time="0.002"/>
  <testcase name="testDigestArrayLessThanBaseSize" classname="com.pluralsight.security.TestHashRunAndDigestMethod" time="0.001"/>
  <testcase name="testRun" classname="com.pluralsight.security.TestHashRunAndDigestMethod" time="0.004"/>
  <system-out><![CDATA[]]></system-out>
  <system-err><![CDATA[]]></system-err>
</testsuite>
